<?xml version="1.0" encoding="UTF-8"?>
<!-- Generated by org.testng.reporters.JUnitXMLReporter -->
<testsuite ignored="0" hostname="SagarPC" failures="1" tests="1" name="Test login" time="0.126" errors="0" timestamp="2023-07-05T22:23:56 IST">
  <testcase classname="ParametersTest.ParrallelTest" name="oranehrm1" time="0.0">
    <failure type="org.testng.TestNGException" message="
Parameter &amp;apos;broswername&amp;apos; is required by @Test on method oranehrm1 but has not been marked @Optional or defined
in E:\GITHUBCMD\SeleniumTestNg\testng2.xml">
      <![CDATA[org.testng.TestNGException: 
Parameter 'broswername' is required by @Test on method oranehrm1 but has not been marked @Optional or defined
in E:\GITHUBCMD\SeleniumTestNg\testng2.xml
at java.base/java.util.ArrayList.forEach(ArrayList.java:1511)
at java.base/java.util.concurrent.FutureTask.run(FutureTask.java:264)
at java.base/java.util.concurrent.ThreadPoolExecutor.runWorker(ThreadPoolExecutor.java:1136)
at java.base/java.util.concurrent.ThreadPoolExecutor$Worker.run(ThreadPoolExecutor.java:635)
at java.base/java.lang.Thread.run(Thread.java:833)
... Removed 17 stack frames]]>
    </failure>
  </testcase> <!-- oranehrm1 -->
</testsuite> <!-- Test login -->
